[debug] [2022-11-06T18:57:04.620Z] ----------------------------------------------------------------------
[debug] [2022-11-06T18:57:04.623Z] Command:       C:\Program Files\nodejs\node.exe C:\Users\ADMIN\AppData\Roaming\npm\node_modules\firebase-tools\lib\bin\firebase.js init
[debug] [2022-11-06T18:57:04.623Z] CLI Version:   10.9.2
[debug] [2022-11-06T18:57:04.624Z] Platform:      win32
[debug] [2022-11-06T18:57:04.624Z] Node Version:  v14.15.4
[debug] [2022-11-06T18:57:04.625Z] Time:          Sun Nov 06 2022 19:57:04 GMT+0100 (GMT+01:00)
[debug] [2022-11-06T18:57:04.625Z] ----------------------------------------------------------------------
[debug] 
[debug] [2022-11-06T18:57:04.634Z] > command requires scopes: ["email","openid","https://www.googleapis.com/auth/cloudplatformprojects.readonly","https://www.googleapis.com/auth/firebase","https://www.googleapis.com/auth/cloud-platform"]
[debug] [2022-11-06T18:57:04.635Z] > authorizing via signed-in user (zakaria.dahbi875@gmail.com)
[info] 
     ######## #### ########  ######## ########     ###     ######  ########
     ##        ##  ##     ## ##       ##     ##  ##   ##  ##       ##
     ######    ##  ########  ######   ########  #########  ######  ######
     ##        ##  ##    ##  ##       ##     ## ##     ##       ## ##
     ##       #### ##     ## ######## ########  ##     ##  ######  ########

You're about to initialize a Firebase project in this directory:

  D:\react app

[info] 
=== Project Setup
[info] 
[info] First, let's associate this project directory with a Firebase project.
[info] You can create multiple project aliases by running firebase use --add, 
[info] but for now we'll just set up a default project.
[info] 
[debug] [2022-11-06T18:58:56.136Z] >>> [apiv2][query] GET https://firebase.googleapis.com/v1beta1/projects pageSize=100
[debug] [2022-11-06T18:58:56.769Z] <<< [apiv2][status] GET https://firebase.googleapis.com/v1beta1/projects 200
[debug] [2022-11-06T18:58:56.770Z] <<< [apiv2][body] GET https://firebase.googleapis.com/v1beta1/projects [omitted]
[info] i  Using project zakariadahbi-4afce (zakariadahbi) 
[info] 
=== Hosting Setup
[info] 
[info] Your public directory is the folder (relative to your project directory) that
[info] will contain Hosting assets to be uploaded with firebase deploy. If you
[info] have a build process for your assets, use your build's output directory.
[info] 
